<?xml version="1.0" encoding="UTF-8"?>
<testsuite xmlns:xsi="http://www.w3.org/2001/XMLSchema-instance" xsi:noNamespaceSchemaLocation="https://maven.apache.org/surefire/maven-surefire-plugin/xsd/surefire-test-report.xsd" version="3.0.2" name="io.github.oklog.ulid.cmd.UlidMainTest" time="0.054" tests="19" errors="0" skipped="0" failures="0" flakes="0">
  <properties>
[...]
</properties>
  <testcase name="parseFarFutureYear" classname="io.github.oklog.ulid.cmd.UlidMainTest" time="0.02"/>
  <testcase name="rejectsOverflowingUlid" classname="io.github.oklog.ulid.cmd.UlidMainTest" time="0.001"/>
  <testcase name="parseRfc3339Format" classname="io.github.oklog.ulid.cmd.UlidMainTest" time="0.0"/>
  <testcase name="parseDefaultFormat" classname="io.github.oklog.ulid.cmd.UlidMainTest" time="0.0"/>
  <testcase name="generatesWithZeroEntropy" classname="io.github.oklog.ulid.cmd.UlidMainTest" time="0.001"/>
  <testcase name="parseUnixFormat" classname="io.github.oklog.ulid.cmd.UlidMainTest" time="0.001"/>
  <testcase name="printsHelp(String)[1]" classname="io.github.oklog.ulid.cmd.UlidMainTest" time="0.001"/>
  <testcase name="printsHelp(String)[2]" classname="io.github.oklog.ulid.cmd.UlidMainTest" time="0.001"/>
  <testcase name="parseDropsEmptyFraction" classname="io.github.oklog.ulid.cmd.UlidMainTest" time="0.001"/>
  <testcase name="generates(String)[1]" classname="io.github.oklog.ulid.cmd.UlidMainTest" time="0.001"/>
  <testcase name="generates(String)[2]" classname="io.github.oklog.ulid.cmd.UlidMainTest" time="0.001"/>
  <testcase name="parseMsFormat" classname="io.github.oklog.ulid.cmd.UlidMainTest" time="0.001"/>
  <testcase name="formatValueMayBeAttached(String)[1]" classname="io.github.oklog.ulid.cmd.UlidMainTest" time="0.001"/>
  <testcase name="formatValueMayBeAttached(String)[2]" classname="io.github.oklog.ulid.cmd.UlidMainTest" time="0.001"/>
  <testcase name="rejectsUnknownFormat" classname="io.github.oklog.ulid.cmd.UlidMainTest" time="0.0"/>
  <testcase name="shortFlagsBundle" classname="io.github.oklog.ulid.cmd.UlidMainTest" time="0.004"/>
  <testcase name="localTimeKeepsTheInstant" classname="io.github.oklog.ulid.cmd.UlidMainTest" time="0.001"/>
  <testcase name="rejectsUnknownOption" classname="io.github.oklog.ulid.cmd.UlidMainTest" time="0.003"/>
  <testcase name="rejectsMalformedUlid" classname="io.github.oklog.ulid.cmd.UlidMainTest" time="0.001"/>
</testsuite>